<?xml version="1.0" encoding="UTF-8"?>
<!-- Generated by org.testng.reporters.JUnitXMLReporter -->
<testsuite hostname="DESKTOP-437EQGF" name="Default test" tests="4" failures="0" timestamp="30 Jun 2019 15:50:45 GMT" time="18.791" errors="0">
  <testcase name="AmazonHomePageTest" time="12.775" classname="WebAPIAutomationTestSuite.APITestBase"/>
  <testcase name="AmazonOpenCartTest" time="0.904" classname="WebAPIAutomationTestSuite.APITestBase"/>
  <testcase name="AmazonPrimeTest" time="2.818" classname="WebAPIAutomationTestSuite.APITestBase"/>
  <testcase name="OpenProductDescription" time="2.183" classname="WebAPIAutomationTestSuite.APITestBase"/>
</testsuite> <!-- Default test -->
